#
# There is insufficient memory for the Java Runtime Environment to continue.
# Native memory allocation (malloc) failed to allocate 1855184 bytes for Chunk::new
# Possible reasons:
#   The system is out of physical RAM or swap space
#   In 32 bit mode, the process size limit was hit
# Possible solutions:
#   Reduce memory load on the system
#   Increase physical memory or swap space
#   Check if swap backing store is full
#   Use 64 bit Java on a 64 bit OS
#   Decrease Java heap size (-Xmx/-Xms)
#   Decrease number of Java threads
#   Decrease Java thread stack sizes (-Xss)
#   Set larger code cache with -XX:ReservedCodeCacheSize=
# This output file may be truncated or incomplete.
#
#  Out of Memory Error (allocation.cpp:390), pid=1448, tid=3748
#
# JRE version: Java(TM) SE Runtime Environment (8.0_91-b14) (build 1.8.0_91-b14)
# Java VM: Java HotSpot(TM) 64-Bit Server VM (25.91-b14 mixed mode windows-amd64 compressed oops)
# Failed to write core dump. Minidumps are not enabled by default on client versions of Windows
#

---------------  T H R E A D  ---------------

Current thread (0x0000000015b9f000):  JavaThread "C2 CompilerThread0" daemon [_thread_in_native, id=3748, stack(0x0000000016b50000,0x0000000016c50000)]

Stack: [0x0000000016b50000,0x0000000016c50000]
[error occurred during error reporting (printing stack bounds), id 0xc0000005]

Native frames: (J=compiled Java code, j=interpreted, Vv=VM code, C=native code)


Current CompileTask:
C2:   3561 1524       4       javafx.scene.CssStyleHelper::resolveLookups (521 bytes)


---------------  P R O C E S S  ---------------

Java Threads: ( => current thread )
  0x0000000017887800 JavaThread "Prism Font Disposer" daemon [_thread_blocked, id=868, stack(0x000000001b750000,0x000000001b850000)]
  0x00000000176c4000 JavaThread "Thread-3" daemon [_thread_in_native, id=5404, stack(0x0000000019a10000,0x0000000019b10000)]
  0x0000000017138000 JavaThread "JavaFX-Launcher" [_thread_blocked, id=4868, stack(0x0000000019b10000,0x0000000019c10000)]
  0x00000000176c2800 JavaThread "JavaFX Application Thread" [_thread_in_vm, id=5464, stack(0x0000000017f80000,0x0000000018080000)]
  0x0000000017104800 JavaThread "Thread-1" daemon [_thread_blocked, id=5356, stack(0x0000000017e80000,0x0000000017f80000)]
  0x00000000170f6000 JavaThread "QuantumRenderer-0" daemon [_thread_blocked, id=5360, stack(0x0000000017350000,0x0000000017450000)]
  0x0000000016d79000 JavaThread "Service Thread" daemon [_thread_blocked, id=6016, stack(0x0000000017150000,0x0000000017250000)]
  0x0000000015ba1000 JavaThread "C1 CompilerThread1" daemon [_thread_blocked, id=6092, stack(0x0000000016c50000,0x0000000016d50000)]
=>0x0000000015b9f000 JavaThread "C2 CompilerThread0" daemon [_thread_in_native, id=3748, stack(0x0000000016b50000,0x0000000016c50000)]
  0x0000000015b9c000 JavaThread "Attach Listener" daemon [_thread_blocked, id=6072, stack(0x0000000016a50000,0x0000000016b50000)]
  0x0000000015b47000 JavaThread "Signal Dispatcher" daemon [_thread_blocked, id=5440, stack(0x0000000016950000,0x0000000016a50000)]
  0x0000000015b28800 JavaThread "Finalizer" daemon [_thread_blocked, id=1064, stack(0x0000000016770000,0x0000000016870000)]
  0x0000000002dbc800 JavaThread "Reference Handler" daemon [_thread_blocked, id=5736, stack(0x0000000016670000,0x0000000016770000)]
  0x0000000002cd0800 JavaThread "main" [_thread_blocked, id=3432, stack(0x0000000002bd0000,0x0000000002cd0000)]

Other Threads:
  0x0000000015b06000 VMThread [stack: 0x0000000016570000,0x0000000016670000] [id=5760]
  0x0000000016da3800 WatcherThread [stack: 0x0000000017250000,0x0000000017350000] [id=5432]

VM state:not at safepoint (normal execution)

VM Mutex/Monitor currently owned by a thread: None

Heap:
 PSYoungGen      total 24064K, used 20334K [0x00000000e5980000, 0x00000000e7400000, 0x0000000100000000)
  eden space 20992K, 82% used [0x00000000e5980000,0x00000000e6a630d0,0x00000000e6e00000)
  from space 3072K, 99% used [0x00000000e6e00000,0x00000000e70f8a58,0x00000000e7100000)
  to   space 3072K, 0% used [0x00000000e7100000,0x00000000e7100000,0x00000000e7400000)
 ParOldGen       total 54784K, used 2021K [0x00000000b0c00000, 0x00000000b4180000, 0x00000000e5980000)
  object space 54784K, 3% used [0x00000000b0c00000,0x00000000b0df9438,0x00000000b4180000)
 Metaspace       used 15236K, capacity 16018K, committed 16128K, reserved 1062912K
  class space    used 2144K, capacity 2301K, committed 2304K, reserved 1048576K

Card table byte_map: [0x0000000012190000,0x0000000012410000] byte_map_base: 0x0000000011c0a000

Marking Bits: (ParMarkBitMap*) 0x0000000069062f70
 Begin Bits: [0x00000000127c0000, 0x0000000013b90000)
 End Bits:   [0x0000000013b90000, 0x0000000014f60000)

Polling page: 0x0000000002850000

CodeCache: size=245760Kb used=5089Kb max_used=5089Kb free=240670Kb
 bounds [0x0000000002dd0000, 0x00000000032d0000, 0x0000000011dd0000]
 total_blobs=2211 nmethods=1574 adapters=550
 compilation: enabled

Compilation events (10 events):
Event: 3.421 Thread 0x0000000015ba1000 1576       3       javafx.scene.input.InputEvent::<init> (8 bytes)
Event: 3.421 Thread 0x0000000015ba1000 nmethod 1576 0x00000000032c8b50 code [0x00000000032c8cc0, 0x00000000032c8e48]
Event: 3.421 Thread 0x0000000015ba1000 1577       3       javafx.scene.input.MouseEvent$Flags::<init> (5 bytes)
Event: 3.421 Thread 0x0000000015ba1000 nmethod 1577 0x00000000032c8f10 code [0x00000000032c9080, 0x00000000032c9290]
Event: 3.428 Thread 0x0000000015ba1000 1578       3       java.util.EnumMap$ValueIterator::next (50 bytes)
Event: 3.429 Thread 0x0000000015ba1000 nmethod 1578 0x00000000032c9390 code [0x00000000032c9540, 0x00000000032c99b8]
Event: 3.429 Thread 0x0000000015ba1000 1579       3       java.util.EnumMap::access$1200 (6 bytes)
Event: 3.429 Thread 0x0000000015ba1000 nmethod 1579 0x00000000032c9bd0 code [0x00000000032c9d40, 0x00000000032c9f30]
Event: 3.429 Thread 0x0000000015ba1000 1580       3       javafx.scene.Scene$ClickCounter::moved (52 bytes)
Event: 3.429 Thread 0x0000000015ba1000 nmethod 1580 0x00000000032ca010 code [0x00000000032ca1c0, 0x00000000032ca7c8]

GC Heap History (2 events):
Event: 0.890 GC heap before
{Heap before GC invocations=1 (full 0):
 PSYoungGen      total 24064K, used 20992K [0x00000000e5980000, 0x00000000e7400000, 0x0000000100000000)
  eden space 20992K, 100% used [0x00000000e5980000,0x00000000e6e00000,0x00000000e6e00000)
  from space 3072K, 0% used [0x00000000e7100000,0x00000000e7100000,0x00000000e7400000)
  to   space 3072K, 0% used [0x00000000e6e00000,0x00000000e6e00000,0x00000000e7100000)
 ParOldGen       total 54784K, used 0K [0x00000000b0c00000, 0x00000000b4180000, 0x00000000e5980000)
  object space 54784K, 0% used [0x00000000b0c00000,0x00000000b0c00000,0x00000000b4180000)
 Metaspace       used 10613K, capacity 10950K, committed 11008K, reserved 1058816K
  class space    used 1405K, capacity 1509K, committed 1536K, reserved 1048576K
Event: 0.897 GC heap after
Heap after GC invocations=1 (full 0):
 PSYoungGen      total 24064K, used 3042K [0x00000000e5980000, 0x00000000e7400000, 0x0000000100000000)
  eden space 20992K, 0% used [0x00000000e5980000,0x00000000e5980000,0x00000000e6e00000)
  from space 3072K, 99% used [0x00000000e6e00000,0x00000000e70f8a58,0x00000000e7100000)
  to   space 3072K, 0% used [0x00000000e7100000,0x00000000e7100000,0x00000000e7400000)
 ParOldGen       total 54784K, used 2021K [0x00000000b0c00000, 0x00000000b4180000, 0x00000000e5980000)
  object space 54784K, 3% used [0x00000000b0c00000,0x00000000b0df9438,0x00000000b4180000)
 Metaspace       used 10613K, capacity 10950K, committed 11008K, reserved 1058816K
  class space    used 1405K, capacity 1509K, committed 1536K, reserved 1048576K
}

Deoptimization events (10 events):
Event: 1.092 Thread 0x00000000176c2800 Uncommon trap: reason=class_check action=maybe_recompile pc=0x0000000002eee830 method=java.lang.String.equals(Ljava/lang/Object;)Z @ 8
Event: 1.133 Thread 0x00000000176c2800 Uncommon trap: reason=unstable_if action=reinterpret pc=0x00000000030f55ac method=java.lang.String.regionMatches(ZILjava/lang/String;II)Z @ 123
Event: 1.156 Thread 0x00000000176c2800 Uncommon trap: reason=class_check action=maybe_recompile pc=0x0000000002eee830 method=java.lang.String.equals(Ljava/lang/Object;)Z @ 8
Event: 1.418 Thread 0x00000000176c2800 Uncommon trap: reason=array_check action=maybe_recompile pc=0x00000000031cfec8 method=com.sun.javafx.css.SimpleSelector.applies(Ljavafx/css/Styleable;[Ljava/util/Set;I)Z @ 37
Event: 1.418 Thread 0x00000000176c2800 Uncommon trap: reason=array_check action=maybe_recompile pc=0x00000000031cfec8 method=com.sun.javafx.css.SimpleSelector.applies(Ljavafx/css/Styleable;[Ljava/util/Set;I)Z @ 37
Event: 1.420 Thread 0x00000000176c2800 Uncommon trap: reason=array_check action=maybe_recompile pc=0x00000000031cfec8 method=com.sun.javafx.css.SimpleSelector.applies(Ljavafx/css/Styleable;[Ljava/util/Set;I)Z @ 37
Event: 1.420 Thread 0x00000000176c2800 Uncommon trap: reason=array_check action=maybe_recompile pc=0x00000000031cfec8 method=com.sun.javafx.css.SimpleSelector.applies(Ljavafx/css/Styleable;[Ljava/util/Set;I)Z @ 37
Event: 1.450 Thread 0x00000000176c2800 Uncommon trap: reason=unstable_if action=reinterpret pc=0x0000000002fbc8c0 method=java.lang.CharacterData.of(I)Ljava/lang/CharacterData; @ 4
Event: 1.563 Thread 0x00000000176c2800 Uncommon trap: reason=unstable_if action=reinterpret pc=0x00000000030c6948 method=sun.net.www.ParseUtil.encodePath(Ljava/lang/String;Z)Ljava/lang/String; @ 109
Event: 1.607 Thread 0x00000000176c2800 Uncommon trap: reason=unstable_if action=reinterpret pc=0x00000000031edc84 method=com.sun.javafx.css.SimpleSelector.stateMatches(Ljavafx/css/Styleable;Ljava/util/Set;)Z @ 1

Internal exceptions (10 events):
Event: 0.262 Thread 0x0000000002cd0800 Exception <a 'java/security/PrivilegedActionException'> (0x00000000e5c4ca68) thrown at [C:\re\workspace\8-2-build-windows-amd64-cygwin\jdk8u91\6644\hotspot\src\share\vm\prims\jvm.cpp, line 1386]
Event: 0.264 Thread 0x0000000002cd0800 Exception <a 'java/security/PrivilegedActionException'> (0x00000000e5c508b0) thrown at [C:\re\workspace\8-2-build-windows-amd64-cygwin\jdk8u91\6644\hotspot\src\share\vm\prims\jvm.cpp, line 1386]
Event: 0.264 Thread 0x0000000002cd0800 Exception <a 'java/security/PrivilegedActionException'> (0x00000000e5c50ac0) thrown at [C:\re\workspace\8-2-build-windows-amd64-cygwin\jdk8u91\6644\hotspot\src\share\vm\prims\jvm.cpp, line 1386]
Event: 0.264 Thread 0x0000000002cd0800 Exception <a 'java/lang/NullPointerException'> (0x00000000e5c512b0) thrown at [C:\re\workspace\8-2-build-windows-amd64-cygwin\jdk8u91\6644\hotspot\src\share\vm\interpreter\linkResolver.cpp, line 1178]
Event: 0.595 Thread 0x00000000176c2800 Exception <a 'java/lang/NullPointerException'> (0x00000000e6533a20) thrown at [C:\re\workspace\8-2-build-windows-amd64-cygwin\jdk8u91\6644\hotspot\src\share\vm\interpreter\linkResolver.cpp, line 1178]
Event: 0.595 Thread 0x00000000176c2800 Exception <a 'java/lang/NullPointerException'> (0x00000000e6533a20) thrown at [C:\re\workspace\8-2-build-windows-amd64-cygwin\jdk8u91\6644\hotspot\src\share\vm\prims\jvm.cpp, line 1390]
Event: 0.789 Thread 0x00000000176c2800 Exception <a 'java/lang/ArrayIndexOutOfBoundsException'> (0x00000000e6a176c0) thrown at [C:\re\workspace\8-2-build-windows-amd64-cygwin\jdk8u91\6644\hotspot\src\share\vm\runtime\sharedRuntime.cpp, line 605]
Event: 0.789 Thread 0x00000000176c2800 Exception <a 'java/lang/ArrayIndexOutOfBoundsException'> (0x00000000e6a183c0) thrown at [C:\re\workspace\8-2-build-windows-amd64-cygwin\jdk8u91\6644\hotspot\src\share\vm\runtime\sharedRuntime.cpp, line 605]
Event: 0.790 Thread 0x00000000176c2800 Exception <a 'java/lang/ArrayIndexOutOfBoundsException'> (0x00000000e6a19768) thrown at [C:\re\workspace\8-2-build-windows-amd64-cygwin\jdk8u91\6644\hotspot\src\share\vm\runtime\sharedRuntime.cpp, line 605]
Event: 1.607 Thread 0x00000000176c2800 Implicit null exception at 0x00000000031ed4f6 to 0x00000000031edc59

Events (10 events):
Event: 3.548 loading class javafx/scene/Scene$ClickCounter
Event: 3.548 loading class javafx/scene/Scene$ClickCounter done
Event: 3.549 loading class javafx/animation/KeyValue
Event: 3.549 loading class javafx/animation/KeyValue done
Event: 3.550 loading class javafx/animation/Animation$5
Event: 3.550 loading class javafx/animation/Animation$5 done
Event: 3.558 loading class com/sun/scenario/animation/AnimationPulse
Event: 3.558 loading class com/sun/scenario/animation/AnimationPulse done
Event: 3.559 loading class com/sun/scenario/animation/AnimationPulseMBean
Event: 3.559 loading class com/sun/scenario/animation/AnimationPulseMBean done


Dynamic libraries:
0x00007ff673d70000 - 0x00007ff673da7000 	C:\Program Files\Java\jdk1.8.0_91\bin\javaw.exe
0x00007fff59960000 - 0x00007fff59b0d000 	C:\Windows\SYSTEM32\ntdll.dll
0x00007fff582f0000 - 0x00007fff5842e000 	C:\Windows\system32\KERNEL32.DLL
0x00007fff42790000 - 0x00007fff427c3000 	C:\Program Files (x86)\AVG\Av\avghooka.dll
0x00007fff55c40000 - 0x00007fff55d55000 	C:\Windows\system32\KERNELBASE.dll
0x00007fff54060000 - 0x00007fff540ee000 	C:\Windows\system32\apphelp.dll
0x00007fff42ab0000 - 0x00007fff42b03000 	C:\Windows\AppPatch\AppPatch64\AcGenral.DLL
0x00007fff58620000 - 0x00007fff586ca000 	C:\Windows\system32\msvcrt.dll
0x00007fff55980000 - 0x00007fff559ae000 	C:\Windows\system32\SspiCli.dll
0x00007fff57840000 - 0x00007fff57894000 	C:\Windows\system32\SHLWAPI.dll
0x00007fff57ca0000 - 0x00007fff57e17000 	C:\Windows\system32\USER32.dll
0x00007fff57fe0000 - 0x00007fff58174000 	C:\Windows\system32\ole32.dll
0x00007fff56170000 - 0x00007fff5769a000 	C:\Windows\system32\SHELL32.dll
0x00007fff55190000 - 0x00007fff551b1000 	C:\Windows\SYSTEM32\USERENV.dll
0x00007fff58240000 - 0x00007fff582ea000 	C:\Windows\system32\ADVAPI32.dll
0x00007fff4f430000 - 0x00007fff4f44e000 	C:\Windows\SYSTEM32\MPR.dll
0x00007fff578a0000 - 0x00007fff579e0000 	C:\Windows\system32\RPCRT4.dll
0x00007fff577e0000 - 0x00007fff57839000 	C:\Windows\SYSTEM32\sechost.dll
0x00007fff57a20000 - 0x00007fff57c31000 	C:\Windows\SYSTEM32\combase.dll
0x00007fff58450000 - 0x00007fff585a0000 	C:\Windows\system32\GDI32.dll
0x00007fff55800000 - 0x00007fff55815000 	C:\Windows\SYSTEM32\profapi.dll
0x00007fff540f0000 - 0x00007fff541a2000 	C:\Windows\SYSTEM32\SHCORE.dll
0x00007fff579e0000 - 0x00007fff57a16000 	C:\Windows\system32\IMM32.DLL
0x00007fff55e20000 - 0x00007fff55f72000 	C:\Windows\system32\MSCTF.dll
0x00007fff53be0000 - 0x00007fff53e5b000 	C:\Windows\WinSxS\amd64_microsoft.windows.common-controls_6595b64144ccf1df_6.0.9600.18006_none_623f33d3ecbe86e8\COMCTL32.dll
0x00000000690f0000 - 0x00000000691c2000 	C:\Program Files\Java\jdk1.8.0_91\jre\bin\msvcr100.dll
0x0000000068850000 - 0x00000000690e3000 	C:\Program Files\Java\jdk1.8.0_91\jre\bin\server\jvm.dll
0x00007fff40210000 - 0x00007fff40219000 	C:\Windows\SYSTEM32\WSOCK32.dll
0x00007fff4a4f0000 - 0x00007fff4a512000 	C:\Windows\SYSTEM32\WINMM.dll
0x00007fff4ca70000 - 0x00007fff4ca7a000 	C:\Windows\SYSTEM32\VERSION.dll
0x00007fff58610000 - 0x00007fff58617000 	C:\Windows\system32\PSAPI.DLL
0x00007fff57c40000 - 0x00007fff57c9a000 	C:\Windows\system32\WS2_32.dll
0x00007fff4a330000 - 0x00007fff4a35a000 	C:\Windows\SYSTEM32\WINMMBASE.dll
0x00007fff56160000 - 0x00007fff56169000 	C:\Windows\system32\NSI.dll
0x00007fff55930000 - 0x00007fff5597f000 	C:\Windows\SYSTEM32\cfgmgr32.dll
0x00007fff54650000 - 0x00007fff54678000 	C:\Windows\SYSTEM32\DEVOBJ.dll
0x0000000068840000 - 0x000000006884f000 	C:\Program Files\Java\jdk1.8.0_91\jre\bin\verify.dll
0x0000000068810000 - 0x0000000068839000 	C:\Program Files\Java\jdk1.8.0_91\jre\bin\java.dll
0x00000000687f0000 - 0x0000000068806000 	C:\Program Files\Java\jdk1.8.0_91\jre\bin\zip.dll
0x00007fff429c0000 - 0x00007fff42aaf000 	C:\Program Files\Java\jdk1.8.0_91\jre\bin\msvcr120.dll
0x00007fff42910000 - 0x00007fff429b6000 	C:\Program Files\Java\jdk1.8.0_91\jre\bin\msvcp120.dll
0x00000000687c0000 - 0x00000000687e3000 	C:\Program Files\Java\jdk1.8.0_91\jre\bin\prism_d3d.dll
0x00007fff41bb0000 - 0x00007fff41dd1000 	C:\Windows\system32\d3d9.dll
0x00007fff53e60000 - 0x00007fff53e81000 	C:\Windows\SYSTEM32\dwmapi.dll
0x00007fff54500000 - 0x00007fff54629000 	C:\Windows\system32\uxtheme.dll
0x00007fff3e870000 - 0x00007fff3f490000 	C:\Windows\SYSTEM32\igdumd64.dll
0x0000000068770000 - 0x00000000687b3000 	C:\Program Files\Java\jdk1.8.0_91\jre\bin\glass.dll
0x00007fff58180000 - 0x00007fff58236000 	C:\Windows\system32\COMDLG32.dll
0x00007fff576b0000 - 0x00007fff57771000 	C:\Windows\system32\OLEAUT32.dll
0x00007fff54460000 - 0x00007fff5446b000 	C:\Windows\SYSTEM32\kernel.appcore.dll
0x00007fff55670000 - 0x00007fff5567b000 	C:\Windows\SYSTEM32\CRYPTBASE.dll
0x00007fff55600000 - 0x00007fff55663000 	C:\Windows\SYSTEM32\bcryptPrimitives.dll
0x0000000068750000 - 0x0000000068764000 	C:\Program Files\Java\jdk1.8.0_91\jre\bin\javafx_font.dll
0x00007fff53170000 - 0x00007fff5335c000 	C:\Windows\SYSTEM32\dwrite.dll
0x0000000068720000 - 0x0000000068743000 	C:\Program Files\Java\jdk1.8.0_91\jre\bin\javafx_iio.dll
0x00007fff55d60000 - 0x00007fff55e16000 	C:\Windows\SYSTEM32\clbcatq.dll
0x00007fff52fa0000 - 0x00007fff5314e000 	C:\Windows\SYSTEM32\WindowsCodecs.dll
0x00007fff55170000 - 0x00007fff55190000 	C:\Windows\SYSTEM32\CRYPTSP.dll
0x00007fff54cc0000 - 0x00007fff54cf6000 	C:\Windows\system32\rsaenh.dll
0x00007fff552f0000 - 0x00007fff55316000 	C:\Windows\SYSTEM32\bcrypt.dll
0x00007fff428c0000 - 0x00007fff428ee000 	C:\Program Files\Common Files\Microsoft Shared\Ink\rtscom.dll
0x0000000068700000 - 0x0000000068711000 	C:\Program Files\Java\jdk1.8.0_91\jre\bin\prism_common.dll
0x00007fff42280000 - 0x00007fff42343000 	C:\Windows\System32\IME\IMEKR\imkrtip.dll
0x00007fff525b0000 - 0x00007fff5272f000 	C:\Windows\SYSTEM32\PROPSYS.dll
0x00007fff3e750000 - 0x00007fff3e862000 	C:\Windows\System32\IME\shared\imetip.dll
0x00007fff52f30000 - 0x00007fff52f9a000 	C:\Windows\SYSTEM32\OLEACC.dll
0x00007fff53e90000 - 0x00007fff54051000 	C:\Windows\SYSTEM32\DUI70.dll
0x00007fff52090000 - 0x00007fff520c0000 	C:\Windows\System32\IME\IMEKR\imkrapi.dll
0x00007fff42240000 - 0x00007fff4227a000 	C:\Windows\System32\IME\shared\imjkapi.dll
0x00007fff52990000 - 0x00007fff529c2000 	C:\Windows\SYSTEM32\ntmarta.dll

VM Arguments:
jvm_args: -Dfile.encoding=UTF-8 
java_command: passenger.controller.TSRequestPage
java_class_path (initial): C:\Users\J\Documents\GitHub\S.E.project\bin
Launcher Type: SUN_STANDARD

Environment Variables:
PATH=C:/Program Files/Java/jre1.8.0_91/bin/server;C:/Program Files/Java/jre1.8.0_91/bin;C:/Program Files/Java/jre1.8.0_91/lib/amd64;C:\ProgramData\Oracle\Java\javapath;C:\Windows\system32;C:\Windows;C:\Windows\System32\Wbem;C:\Windows\System32\WindowsPowerShell\v1.0\;C:\Windows\system32\config\systemprofile\.dnx\bin;C:\Program Files\Microsoft DNX\Dnvm\;C:\Program Files (x86)\Windows Kits\8.1\Windows Performance Toolkit\;C:\Program Files (x86)\MySQL\MySQL Fabric 1.5 & MySQL Utilities 1.5\;C:\Program Files (x86)\MySQL\MySQL Fabric 1.5 & MySQL Utilities 1.5\Doctrine extensions for PHP\;C:\Users\J\Documents\eclipse;
USERNAME=J
OS=Windows_NT
PROCESSOR_IDENTIFIER=Intel64 Family 6 Model 42 Stepping 7, GenuineIntel



---------------  S Y S T E M  ---------------

OS: Windows 8.1 , 64 bit Build 9600 (6.3.9600.17415)

CPU:total 2 (2 cores per cpu, 1 threads per core) family 6 model 42 stepping 7, cmov, cx8, fxsr, mmx, sse, sse2, sse3, ssse3, sse4.1, sse4.2, popcnt, clmul, tsc, tscinvbit

Memory: 4k page, physical 5189468k(1933000k free), swap 6238044k(5436k free)

vm_info: Java HotSpot(TM) 64-Bit Server VM (25.91-b14) for windows-amd64 JRE (1.8.0_91-b14), built on Apr  1 2016 00:58:32 by "java_re" with MS VC++ 10.0 (VS2010)

time: Tue Jun 14 21:22:15 2016
elapsed time: 3 seconds (0d 0h 0m 3s)

