#
# There is insufficient memory for the Java Runtime Environment to continue.
# Native memory allocation (malloc) failed to allocate 2141136 bytes for Chunk::new
# Possible reasons:
#   The system is out of physical RAM or swap space
#   In 32 bit mode, the process size limit was hit
# Possible solutions:
#   Reduce memory load on the system
#   Increase physical memory or swap space
#   Check if swap backing store is full
#   Use 64 bit Java on a 64 bit OS
#   Decrease Java heap size (-Xmx/-Xms)
#   Decrease number of Java threads
#   Decrease Java thread stack sizes (-Xss)
#   Set larger code cache with -XX:ReservedCodeCacheSize=
# This output file may be truncated or incomplete.
#
#  Out of Memory Error (allocation.cpp:390), pid=6036, tid=3560
#
# JRE version: Java(TM) SE Runtime Environment (8.0_91-b14) (build 1.8.0_91-b14)
# Java VM: Java HotSpot(TM) 64-Bit Server VM (25.91-b14 mixed mode windows-amd64 compressed oops)
# Failed to write core dump. Minidumps are not enabled by default on client versions of Windows
#

---------------  T H R E A D  ---------------

Current thread (0x00000000151de800):  JavaThread "C2 CompilerThread0" daemon [_thread_in_native, id=3560, stack(0x00000000161b0000,0x00000000162b0000)]

Stack: [0x00000000161b0000,0x00000000162b0000]
[error occurred during error reporting (printing stack bounds), id 0xc0000005]

Native frames: (J=compiled Java code, j=interpreted, Vv=VM code, C=native code)


Current CompileTask:
C2:   2755 1486       4       javafx.scene.CssStyleHelper::resolveLookups (521 bytes)


---------------  P R O C E S S  ---------------

Java Threads: ( => current thread )
  0x0000000017047000 JavaThread "Prism Font Disposer" daemon [_thread_blocked, id=5756, stack(0x000000001add0000,0x000000001aed0000)]
  0x0000000016e47000 JavaThread "JavaFX-Launcher" [_thread_blocked, id=1068, stack(0x0000000019170000,0x0000000019270000)]
  0x0000000016e3c000 JavaThread "Thread-2" daemon [_thread_in_native, id=4632, stack(0x0000000019070000,0x0000000019170000)]
  0x0000000016e23000 JavaThread "JavaFX Application Thread" [_thread_in_native, id=5352, stack(0x00000000175e0000,0x00000000176e0000)]
  0x0000000016671000 JavaThread "Thread-1" daemon [_thread_blocked, id=5732, stack(0x0000000016c00000,0x0000000016d00000)]
  0x0000000016640800 JavaThread "QuantumRenderer-0" daemon [_thread_blocked, id=5976, stack(0x00000000169b0000,0x0000000016ab0000)]
  0x00000000162c6000 JavaThread "Service Thread" daemon [_thread_blocked, id=5468, stack(0x00000000167b0000,0x00000000168b0000)]
  0x00000000162c2000 JavaThread "C1 CompilerThread1" daemon [_thread_blocked, id=2556, stack(0x00000000166b0000,0x00000000167b0000)]
=>0x00000000151de800 JavaThread "C2 CompilerThread0" daemon [_thread_in_native, id=3560, stack(0x00000000161b0000,0x00000000162b0000)]
  0x00000000151dc000 JavaThread "Attach Listener" daemon [_thread_blocked, id=5388, stack(0x00000000160b0000,0x00000000161b0000)]
  0x0000000015187000 JavaThread "Signal Dispatcher" daemon [_thread_blocked, id=6004, stack(0x0000000015fb0000,0x00000000160b0000)]
  0x0000000015168800 JavaThread "Finalizer" daemon [_thread_blocked, id=5392, stack(0x0000000015dd0000,0x0000000015ed0000)]
  0x00000000023fc800 JavaThread "Reference Handler" daemon [_thread_blocked, id=4116, stack(0x0000000015cd0000,0x0000000015dd0000)]
  0x0000000002310800 JavaThread "main" [_thread_blocked, id=4196, stack(0x0000000001e80000,0x0000000001f80000)]

Other Threads:
  0x0000000015146000 VMThread [stack: 0x0000000015bd0000,0x0000000015cd0000] [id=4812]
  0x00000000162dc800 WatcherThread [stack: 0x00000000168b0000,0x00000000169b0000] [id=5616]

VM state:not at safepoint (normal execution)

VM Mutex/Monitor currently owned by a thread: None

Heap:
 PSYoungGen      total 24064K, used 19628K [0x00000000e5980000, 0x00000000e7400000, 0x0000000100000000)
  eden space 20992K, 79% used [0x00000000e5980000,0x00000000e69b26d0,0x00000000e6e00000)
  from space 3072K, 99% used [0x00000000e6e00000,0x00000000e70f8a58,0x00000000e7100000)
  to   space 3072K, 0% used [0x00000000e7100000,0x00000000e7100000,0x00000000e7400000)
 ParOldGen       total 54784K, used 2022K [0x00000000b0c00000, 0x00000000b4180000, 0x00000000e5980000)
  object space 54784K, 3% used [0x00000000b0c00000,0x00000000b0df9858,0x00000000b4180000)
 Metaspace       used 14989K, capacity 15728K, committed 15872K, reserved 1062912K
  class space    used 2107K, capacity 2266K, committed 2304K, reserved 1048576K

Card table byte_map: [0x00000000117d0000,0x0000000011a50000] byte_map_base: 0x000000001124a000

Marking Bits: (ParMarkBitMap*) 0x0000000069062f70
 Begin Bits: [0x0000000011e00000, 0x00000000131d0000)
 End Bits:   [0x00000000131d0000, 0x00000000145a0000)

Polling page: 0x0000000000730000

CodeCache: size=245760Kb used=4993Kb max_used=4993Kb free=240766Kb
 bounds [0x0000000002410000, 0x0000000002900000, 0x0000000011410000]
 total_blobs=2183 nmethods=1546 adapters=550
 compilation: enabled

Compilation events (10 events):
Event: 2.694 Thread 0x00000000162c2000 1545       1       javafx.scene.input.MouseEvent::getButton (5 bytes)
Event: 2.694 Thread 0x00000000162c2000 nmethod 1545 0x00000000028ef7d0 code [0x00000000028ef920, 0x00000000028efa30]
Event: 2.725 Thread 0x00000000162c2000 1546       3       javafx.geometry.Point3D::<init> (26 bytes)
Event: 2.726 Thread 0x00000000162c2000 nmethod 1546 0x00000000028efa90 code [0x00000000028efbe0, 0x00000000028efdb0]
Event: 2.733 Thread 0x00000000162c2000 1547       1       com.sun.javafx.geom.RectBounds::getMaxX (5 bytes)
Event: 2.734 Thread 0x00000000162c2000 nmethod 1547 0x00000000028efe90 code [0x00000000028effe0, 0x00000000028f00f0]
Event: 2.741 Thread 0x00000000162c2000 1548       3       javafx.scene.Node::localToScene (21 bytes)
Event: 2.743 Thread 0x00000000162c2000 nmethod 1548 0x00000000028f0150 code [0x00000000028f03e0, 0x00000000028f1a08]
Event: 2.743 Thread 0x00000000162c2000 1549       3       javafx.scene.Node::localToParent (15 bytes)
Event: 2.743 Thread 0x00000000162c2000 nmethod 1549 0x00000000028f2110 code [0x00000000028f2280, 0x00000000028f2558]

GC Heap History (2 events):
Event: 0.990 GC heap before
{Heap before GC invocations=1 (full 0):
 PSYoungGen      total 24064K, used 20992K [0x00000000e5980000, 0x00000000e7400000, 0x0000000100000000)
  eden space 20992K, 100% used [0x00000000e5980000,0x00000000e6e00000,0x00000000e6e00000)
  from space 3072K, 0% used [0x00000000e7100000,0x00000000e7100000,0x00000000e7400000)
  to   space 3072K, 0% used [0x00000000e6e00000,0x00000000e6e00000,0x00000000e7100000)
 ParOldGen       total 54784K, used 0K [0x00000000b0c00000, 0x00000000b4180000, 0x00000000e5980000)
  object space 54784K, 0% used [0x00000000b0c00000,0x00000000b0c00000,0x00000000b4180000)
 Metaspace       used 10620K, capacity 10958K, committed 11008K, reserved 1058816K
  class space    used 1407K, capacity 1509K, committed 1536K, reserved 1048576K
Event: 0.998 GC heap after
Heap after GC invocations=1 (full 0):
 PSYoungGen      total 24064K, used 3042K [0x00000000e5980000, 0x00000000e7400000, 0x0000000100000000)
  eden space 20992K, 0% used [0x00000000e5980000,0x00000000e5980000,0x00000000e6e00000)
  from space 3072K, 99% used [0x00000000e6e00000,0x00000000e70f8a58,0x00000000e7100000)
  to   space 3072K, 0% used [0x00000000e7100000,0x00000000e7100000,0x00000000e7400000)
 ParOldGen       total 54784K, used 2022K [0x00000000b0c00000, 0x00000000b4180000, 0x00000000e5980000)
  object space 54784K, 3% used [0x00000000b0c00000,0x00000000b0df9858,0x00000000b4180000)
 Metaspace       used 10620K, capacity 10958K, committed 11008K, reserved 1058816K
  class space    used 1407K, capacity 1509K, committed 1536K, reserved 1048576K
}

Deoptimization events (10 events):
Event: 1.210 Thread 0x0000000016e23000 Uncommon trap: reason=class_check action=maybe_recompile pc=0x000000000268ce60 method=java.io.DataInputStream.readShort()S @ 4
Event: 1.211 Thread 0x0000000016e23000 Uncommon trap: reason=class_check action=maybe_recompile pc=0x000000000268ce60 method=java.io.DataInputStream.readShort()S @ 4
Event: 1.228 Thread 0x0000000016e23000 Uncommon trap: reason=class_check action=maybe_recompile pc=0x000000000252de70 method=java.lang.String.equals(Ljava/lang/Object;)Z @ 8
Event: 1.228 Thread 0x0000000016e23000 Uncommon trap: reason=class_check action=maybe_recompile pc=0x000000000252de70 method=java.lang.String.equals(Ljava/lang/Object;)Z @ 8
Event: 1.228 Thread 0x0000000016e23000 Uncommon trap: reason=class_check action=maybe_recompile pc=0x000000000252de70 method=java.lang.String.equals(Ljava/lang/Object;)Z @ 8
Event: 1.275 Thread 0x0000000016e23000 Uncommon trap: reason=unstable_if action=reinterpret pc=0x0000000002726eac method=java.lang.String.regionMatches(ZILjava/lang/String;II)Z @ 123
Event: 1.297 Thread 0x0000000016e23000 Uncommon trap: reason=class_check action=maybe_recompile pc=0x000000000252de70 method=java.lang.String.equals(Ljava/lang/Object;)Z @ 8
Event: 1.604 Thread 0x0000000016e23000 Uncommon trap: reason=unstable_if action=reinterpret pc=0x0000000002606ac0 method=java.lang.CharacterData.of(I)Ljava/lang/CharacterData; @ 4
Event: 1.719 Thread 0x0000000016e23000 Uncommon trap: reason=unstable_if action=reinterpret pc=0x0000000002705b08 method=sun.net.www.ParseUtil.encodePath(Ljava/lang/String;Z)Ljava/lang/String; @ 109
Event: 1.764 Thread 0x0000000016e23000 Uncommon trap: reason=unstable_if action=reinterpret pc=0x00000000028496b4 method=com.sun.javafx.css.SimpleSelector.stateMatches(Ljavafx/css/Styleable;Ljava/util/Set;)Z @ 1

Internal exceptions (10 events):
Event: 0.277 Thread 0x0000000002310800 Exception <a 'java/security/PrivilegedActionException'> (0x00000000e5c4c7b0) thrown at [C:\re\workspace\8-2-build-windows-amd64-cygwin\jdk8u91\6644\hotspot\src\share\vm\prims\jvm.cpp, line 1386]
Event: 0.278 Thread 0x0000000002310800 Exception <a 'java/security/PrivilegedActionException'> (0x00000000e5c505f8) thrown at [C:\re\workspace\8-2-build-windows-amd64-cygwin\jdk8u91\6644\hotspot\src\share\vm\prims\jvm.cpp, line 1386]
Event: 0.278 Thread 0x0000000002310800 Exception <a 'java/security/PrivilegedActionException'> (0x00000000e5c50808) thrown at [C:\re\workspace\8-2-build-windows-amd64-cygwin\jdk8u91\6644\hotspot\src\share\vm\prims\jvm.cpp, line 1386]
Event: 0.278 Thread 0x0000000002310800 Exception <a 'java/lang/NullPointerException'> (0x00000000e5c50ff8) thrown at [C:\re\workspace\8-2-build-windows-amd64-cygwin\jdk8u91\6644\hotspot\src\share\vm\interpreter\linkResolver.cpp, line 1178]
Event: 0.613 Thread 0x0000000016e23000 Exception <a 'java/lang/NullPointerException'> (0x00000000e6532b90) thrown at [C:\re\workspace\8-2-build-windows-amd64-cygwin\jdk8u91\6644\hotspot\src\share\vm\interpreter\linkResolver.cpp, line 1178]
Event: 0.613 Thread 0x0000000016e23000 Exception <a 'java/lang/NullPointerException'> (0x00000000e6532b90) thrown at [C:\re\workspace\8-2-build-windows-amd64-cygwin\jdk8u91\6644\hotspot\src\share\vm\prims\jvm.cpp, line 1390]
Event: 0.870 Thread 0x0000000016e23000 Exception <a 'java/lang/ArrayIndexOutOfBoundsException'> (0x00000000e6a15a20) thrown at [C:\re\workspace\8-2-build-windows-amd64-cygwin\jdk8u91\6644\hotspot\src\share\vm\runtime\sharedRuntime.cpp, line 605]
Event: 0.871 Thread 0x0000000016e23000 Exception <a 'java/lang/ArrayIndexOutOfBoundsException'> (0x00000000e6a16720) thrown at [C:\re\workspace\8-2-build-windows-amd64-cygwin\jdk8u91\6644\hotspot\src\share\vm\runtime\sharedRuntime.cpp, line 605]
Event: 0.877 Thread 0x0000000016e23000 Exception <a 'java/lang/ArrayIndexOutOfBoundsException'> (0x00000000e6a17ac8) thrown at [C:\re\workspace\8-2-build-windows-amd64-cygwin\jdk8u91\6644\hotspot\src\share\vm\runtime\sharedRuntime.cpp, line 605]
Event: 1.764 Thread 0x0000000016e23000 Implicit null exception at 0x0000000002848fc0 to 0x0000000002849689

Events (10 events):
Event: 1.871 loading class com/sun/prism/shader/Solid_TextureRGB_Loader
Event: 1.871 loading class com/sun/prism/shader/Solid_TextureRGB_Loader done
Event: 1.872 loading class com/sun/scenario/effect/impl/prism/PrEffectHelper
Event: 1.872 loading class com/sun/scenario/effect/impl/prism/PrEffectHelper done
Event: 2.509 loading class com/sun/javafx/sg/prism/NGPerspectiveCamera
Event: 2.509 loading class com/sun/javafx/sg/prism/NGPerspectiveCamera done
Event: 2.509 loading class com/sun/javafx/geom/transform/TransformHelper
Event: 2.509 loading class com/sun/javafx/geom/transform/TransformHelper done
Event: 2.510 loading class com/sun/javafx/sg/prism/NGNode$RenderRootResult
Event: 2.510 loading class com/sun/javafx/sg/prism/NGNode$RenderRootResult done


Dynamic libraries:
0x00007ff673d70000 - 0x00007ff673da7000 	C:\Program Files\Java\jdk1.8.0_91\bin\javaw.exe
0x00007fff59960000 - 0x00007fff59b0d000 	C:\Windows\SYSTEM32\ntdll.dll
0x00007fff582f0000 - 0x00007fff5842e000 	C:\Windows\system32\KERNEL32.DLL
0x00007fff42790000 - 0x00007fff427c3000 	C:\Program Files (x86)\AVG\Av\avghooka.dll
0x00007fff55c40000 - 0x00007fff55d55000 	C:\Windows\system32\KERNELBASE.dll
0x00007fff54060000 - 0x00007fff540ee000 	C:\Windows\system32\apphelp.dll
0x00007fff42ab0000 - 0x00007fff42b03000 	C:\Windows\AppPatch\AppPatch64\AcGenral.DLL
0x00007fff58620000 - 0x00007fff586ca000 	C:\Windows\system32\msvcrt.dll
0x00007fff55980000 - 0x00007fff559ae000 	C:\Windows\system32\SspiCli.dll
0x00007fff57840000 - 0x00007fff57894000 	C:\Windows\system32\SHLWAPI.dll
0x00007fff57ca0000 - 0x00007fff57e17000 	C:\Windows\system32\USER32.dll
0x00007fff57fe0000 - 0x00007fff58174000 	C:\Windows\system32\ole32.dll
0x00007fff56170000 - 0x00007fff5769a000 	C:\Windows\system32\SHELL32.dll
0x00007fff55190000 - 0x00007fff551b1000 	C:\Windows\SYSTEM32\USERENV.dll
0x00007fff58240000 - 0x00007fff582ea000 	C:\Windows\system32\ADVAPI32.dll
0x00007fff4f430000 - 0x00007fff4f44e000 	C:\Windows\SYSTEM32\MPR.dll
0x00007fff578a0000 - 0x00007fff579e0000 	C:\Windows\system32\RPCRT4.dll
0x00007fff577e0000 - 0x00007fff57839000 	C:\Windows\SYSTEM32\sechost.dll
0x00007fff57a20000 - 0x00007fff57c31000 	C:\Windows\SYSTEM32\combase.dll
0x00007fff58450000 - 0x00007fff585a0000 	C:\Windows\system32\GDI32.dll
0x00007fff55800000 - 0x00007fff55815000 	C:\Windows\SYSTEM32\profapi.dll
0x00007fff540f0000 - 0x00007fff541a2000 	C:\Windows\SYSTEM32\SHCORE.dll
0x00007fff579e0000 - 0x00007fff57a16000 	C:\Windows\system32\IMM32.DLL
0x00007fff55e20000 - 0x00007fff55f72000 	C:\Windows\system32\MSCTF.dll
0x00007fff53be0000 - 0x00007fff53e5b000 	C:\Windows\WinSxS\amd64_microsoft.windows.common-controls_6595b64144ccf1df_6.0.9600.18006_none_623f33d3ecbe86e8\COMCTL32.dll
0x00000000690f0000 - 0x00000000691c2000 	C:\Program Files\Java\jdk1.8.0_91\jre\bin\msvcr100.dll
0x0000000068850000 - 0x00000000690e3000 	C:\Program Files\Java\jdk1.8.0_91\jre\bin\server\jvm.dll
0x00007fff40210000 - 0x00007fff40219000 	C:\Windows\SYSTEM32\WSOCK32.dll
0x00007fff4a4f0000 - 0x00007fff4a512000 	C:\Windows\SYSTEM32\WINMM.dll
0x00007fff4ca70000 - 0x00007fff4ca7a000 	C:\Windows\SYSTEM32\VERSION.dll
0x00007fff58610000 - 0x00007fff58617000 	C:\Windows\system32\PSAPI.DLL
0x00007fff57c40000 - 0x00007fff57c9a000 	C:\Windows\system32\WS2_32.dll
0x00007fff4a330000 - 0x00007fff4a35a000 	C:\Windows\SYSTEM32\WINMMBASE.dll
0x00007fff56160000 - 0x00007fff56169000 	C:\Windows\system32\NSI.dll
0x00007fff55930000 - 0x00007fff5597f000 	C:\Windows\SYSTEM32\cfgmgr32.dll
0x00007fff54650000 - 0x00007fff54678000 	C:\Windows\SYSTEM32\DEVOBJ.dll
0x0000000068840000 - 0x000000006884f000 	C:\Program Files\Java\jdk1.8.0_91\jre\bin\verify.dll
0x0000000068810000 - 0x0000000068839000 	C:\Program Files\Java\jdk1.8.0_91\jre\bin\java.dll
0x00000000687f0000 - 0x0000000068806000 	C:\Program Files\Java\jdk1.8.0_91\jre\bin\zip.dll
0x00007fff429c0000 - 0x00007fff42aaf000 	C:\Program Files\Java\jdk1.8.0_91\jre\bin\msvcr120.dll
0x00007fff42910000 - 0x00007fff429b6000 	C:\Program Files\Java\jdk1.8.0_91\jre\bin\msvcp120.dll
0x00000000687c0000 - 0x00000000687e3000 	C:\Program Files\Java\jdk1.8.0_91\jre\bin\prism_d3d.dll
0x00007fff41bb0000 - 0x00007fff41dd1000 	C:\Windows\system32\d3d9.dll
0x00007fff53e60000 - 0x00007fff53e81000 	C:\Windows\SYSTEM32\dwmapi.dll
0x00007fff54500000 - 0x00007fff54629000 	C:\Windows\system32\uxtheme.dll
0x00007fff3e870000 - 0x00007fff3f490000 	C:\Windows\SYSTEM32\igdumd64.dll
0x0000000068770000 - 0x00000000687b3000 	C:\Program Files\Java\jdk1.8.0_91\jre\bin\glass.dll
0x00007fff58180000 - 0x00007fff58236000 	C:\Windows\system32\COMDLG32.dll
0x00007fff576b0000 - 0x00007fff57771000 	C:\Windows\system32\OLEAUT32.dll
0x00007fff54460000 - 0x00007fff5446b000 	C:\Windows\SYSTEM32\kernel.appcore.dll
0x00007fff55670000 - 0x00007fff5567b000 	C:\Windows\SYSTEM32\CRYPTBASE.dll
0x00007fff55600000 - 0x00007fff55663000 	C:\Windows\SYSTEM32\bcryptPrimitives.dll
0x0000000068750000 - 0x0000000068764000 	C:\Program Files\Java\jdk1.8.0_91\jre\bin\javafx_font.dll
0x00007fff53170000 - 0x00007fff5335c000 	C:\Windows\SYSTEM32\dwrite.dll
0x0000000068720000 - 0x0000000068743000 	C:\Program Files\Java\jdk1.8.0_91\jre\bin\javafx_iio.dll
0x00007fff55d60000 - 0x00007fff55e16000 	C:\Windows\SYSTEM32\clbcatq.dll
0x00007fff52fa0000 - 0x00007fff5314e000 	C:\Windows\SYSTEM32\WindowsCodecs.dll
0x00007fff55170000 - 0x00007fff55190000 	C:\Windows\SYSTEM32\CRYPTSP.dll
0x00007fff54cc0000 - 0x00007fff54cf6000 	C:\Windows\system32\rsaenh.dll
0x00007fff552f0000 - 0x00007fff55316000 	C:\Windows\SYSTEM32\bcrypt.dll
0x00007fff428c0000 - 0x00007fff428ee000 	C:\Program Files\Common Files\Microsoft Shared\Ink\rtscom.dll
0x00007fff42280000 - 0x00007fff42343000 	C:\Windows\System32\IME\IMEKR\imkrtip.dll
0x00007fff525b0000 - 0x00007fff5272f000 	C:\Windows\SYSTEM32\PROPSYS.dll
0x00007fff3e750000 - 0x00007fff3e862000 	C:\Windows\System32\IME\shared\imetip.dll
0x00007fff52f30000 - 0x00007fff52f9a000 	C:\Windows\SYSTEM32\OLEACC.dll
0x00007fff53e90000 - 0x00007fff54051000 	C:\Windows\SYSTEM32\DUI70.dll
0x00007fff52090000 - 0x00007fff520c0000 	C:\Windows\System32\IME\IMEKR\imkrapi.dll
0x00007fff42240000 - 0x00007fff4227a000 	C:\Windows\System32\IME\shared\imjkapi.dll
0x00007fff52990000 - 0x00007fff529c2000 	C:\Windows\SYSTEM32\ntmarta.dll
0x0000000068700000 - 0x0000000068711000 	C:\Program Files\Java\jdk1.8.0_91\jre\bin\prism_common.dll

VM Arguments:
jvm_args: -Dfile.encoding=UTF-8 
java_command: passenger.controller.TSRequestPage
java_class_path (initial): C:\Users\J\Documents\GitHub\S.E.project\bin
Launcher Type: SUN_STANDARD

Environment Variables:
PATH=C:/Program Files/Java/jre1.8.0_91/bin/server;C:/Program Files/Java/jre1.8.0_91/bin;C:/Program Files/Java/jre1.8.0_91/lib/amd64;C:\ProgramData\Oracle\Java\javapath;C:\Windows\system32;C:\Windows;C:\Windows\System32\Wbem;C:\Windows\System32\WindowsPowerShell\v1.0\;C:\Windows\system32\config\systemprofile\.dnx\bin;C:\Program Files\Microsoft DNX\Dnvm\;C:\Program Files (x86)\Windows Kits\8.1\Windows Performance Toolkit\;C:\Program Files (x86)\MySQL\MySQL Fabric 1.5 & MySQL Utilities 1.5\;C:\Program Files (x86)\MySQL\MySQL Fabric 1.5 & MySQL Utilities 1.5\Doctrine extensions for PHP\;C:\Users\J\Documents\eclipse;
USERNAME=J
OS=Windows_NT
PROCESSOR_IDENTIFIER=Intel64 Family 6 Model 42 Stepping 7, GenuineIntel



---------------  S Y S T E M  ---------------

OS: Windows 8.1 , 64 bit Build 9600 (6.3.9600.17415)

CPU:total 2 (2 cores per cpu, 1 threads per core) family 6 model 42 stepping 7, cmov, cx8, fxsr, mmx, sse, sse2, sse3, ssse3, sse4.1, sse4.2, popcnt, clmul, tsc, tscinvbit

Memory: 4k page, physical 5189468k(1936680k free), swap 6238044k(5736k free)

vm_info: Java HotSpot(TM) 64-Bit Server VM (25.91-b14) for windows-amd64 JRE (1.8.0_91-b14), built on Apr  1 2016 00:58:32 by "java_re" with MS VC++ 10.0 (VS2010)

time: Tue Jun 14 21:22:56 2016
elapsed time: 2 seconds (0d 0h 0m 2s)

